Flow report for DE10_Standard_GHRD
Fri May 30 11:29:48 2025
Quartus Prime Version 23.1std.1 Build 993 05/14/2024 SC Lite Edition


---------------------
; Table of Contents ;
---------------------
  1. Legal Notice
  2. Flow Summary
  3. Flow Settings
  4. Flow Non-Default Global Settings
  5. Flow Elapsed Time
  6. Flow OS Summary
  7. Flow Log
  8. Flow Messages
  9. Flow Suppressed Messages



----------------
; Legal Notice ;
----------------
Copyright (C) 2024  Intel Corporation. All rights reserved.
Your use of Intel Corporation's design tools, logic functions 
and other software and tools, and any partner logic 
functions, and any output files from any of the foregoing 
(including device programming or simulation files), and any 
associated documentation or information are expressly subject 
to the terms and conditions of the Intel Program License 
Subscription Agreement, the Intel Quartus Prime License Agreement,
the Intel FPGA IP License Agreement, or other applicable license
agreement, including, without limitation, that your use is for
the sole purpose of programming logic devices manufactured by
Intel and sold by Intel or its authorized distributors.  Please
refer to the applicable agreement for further details, at
https://fpgasoftware.intel.com/eula.



+----------------------------------------------------------------------------------+
; Flow Summary                                                                     ;
+---------------------------------+------------------------------------------------+
; Flow Status                     ; Successful - Fri May 30 11:29:48 2025          ;
; Quartus Prime Version           ; 23.1std.1 Build 993 05/14/2024 SC Lite Edition ;
; Revision Name                   ; DE10_Standard_GHRD                             ;
; Top-level Entity Name           ; DE10_Standard_GHRD                             ;
; Family                          ; Cyclone V                                      ;
; Device                          ; 5CSXFC6D6F31C6                                 ;
; Timing Models                   ; Final                                          ;
; Logic utilization (in ALMs)     ; 24,012 / 41,910 ( 57 % )                       ;
; Total registers                 ; 18323                                          ;
; Total pins                      ; 338 / 499 ( 68 % )                             ;
; Total virtual pins              ; 0                                              ;
; Total block memory bits         ; 2,711,165 / 5,662,720 ( 48 % )                 ;
; Total DSP Blocks                ; 112 / 112 ( 100 % )                            ;
; Total HSSI RX PCSs              ; 0 / 9 ( 0 % )                                  ;
; Total HSSI PMA RX Deserializers ; 0 / 9 ( 0 % )                                  ;
; Total HSSI TX PCSs              ; 0 / 9 ( 0 % )                                  ;
; Total HSSI PMA TX Serializers   ; 0 / 9 ( 0 % )                                  ;
; Total PLLs                      ; 0 / 15 ( 0 % )                                 ;
; Total DLLs                      ; 1 / 4 ( 25 % )                                 ;
+---------------------------------+------------------------------------------------+


+-----------------------------------------+
; Flow Settings                           ;
+-------------------+---------------------+
; Option            ; Setting             ;
+-------------------+---------------------+
; Start date & time ; 05/30/2025 09:48:56 ;
; Main task         ; Compilation         ;
; Revision Name     ; DE10_Standard_GHRD  ;
+-------------------+---------------------+


+-------------------------------------------------------------------------------------------------------------------------------------------------------------------------------------------------------+
; Flow Non-Default Global Settings                                                                                                                                                                      ;
+-----------------------------------------+-------------------------------------------------------------------------------------+---------------+--------------------------------+----------------------+
; Assignment Name                         ; Value                                                                               ; Default Value ; Entity Name                    ; Section Id           ;
+-----------------------------------------+-------------------------------------------------------------------------------------+---------------+--------------------------------+----------------------+
; ALM_REGISTER_PACKING_EFFORT             ; High                                                                                ; Medium        ; --                             ; --                   ;
; COMPILER_SIGNATURE_ID                   ; 39908815871218.174858773303660                                                      ; --            ; --                             ; --                   ;
; ECO_REGENERATE_REPORT                   ; On                                                                                  ; Off           ; --                             ; --                   ;
; EDA_DESIGN_ENTRY_SYNTHESIS_TOOL         ; Synplify                                                                            ; <None>        ; --                             ; --                   ;
; EDA_INPUT_DATA_FORMAT                   ; Vqm                                                                                 ; --            ; --                             ; eda_design_synthesis ;
; EDA_LMF_FILE                            ; synplcty.lmf                                                                        ; --            ; --                             ; eda_design_synthesis ;
; ENABLE_SIGNALTAP                        ; On                                                                                  ; --            ; --                             ; --                   ;
; HPS_ISW_FILE                            ; soc_system/synthesis/submodules/sequencer/alt_types.pre.h                           ; --            ; soc_system_hps_0_hps_io_border ; --                   ;
; HPS_ISW_FILE                            ; soc_system/synthesis/submodules/sequencer/emif.pre.xml                              ; --            ; soc_system_hps_0_hps_io_border ; --                   ;
; HPS_ISW_FILE                            ; soc_system/synthesis/submodules/sequencer/sdram_io.pre.h                            ; --            ; soc_system_hps_0_hps_io_border ; --                   ;
; HPS_ISW_FILE                            ; soc_system/synthesis/submodules/sequencer/sequencer.pre.c                           ; --            ; soc_system_hps_0_hps_io_border ; --                   ;
; HPS_ISW_FILE                            ; soc_system/synthesis/submodules/sequencer/sequencer.pre.h                           ; --            ; soc_system_hps_0_hps_io_border ; --                   ;
; HPS_ISW_FILE                            ; soc_system/synthesis/submodules/sequencer/sequencer_auto.pre.h                      ; --            ; soc_system_hps_0_hps_io_border ; --                   ;
; HPS_ISW_FILE                            ; soc_system/synthesis/submodules/sequencer/sequencer_auto_ac_init.pre.c              ; --            ; soc_system_hps_0_hps_io_border ; --                   ;
; HPS_ISW_FILE                            ; soc_system/synthesis/submodules/sequencer/sequencer_auto_inst_init.pre.c            ; --            ; soc_system_hps_0_hps_io_border ; --                   ;
; HPS_ISW_FILE                            ; soc_system/synthesis/submodules/sequencer/sequencer_defines.pre.h                   ; --            ; soc_system_hps_0_hps_io_border ; --                   ;
; HPS_ISW_FILE                            ; soc_system/synthesis/submodules/sequencer/system.pre.h                              ; --            ; soc_system_hps_0_hps_io_border ; --                   ;
; HPS_ISW_FILE                            ; soc_system/synthesis/submodules/sequencer/tclrpt.pre.c                              ; --            ; soc_system_hps_0_hps_io_border ; --                   ;
; HPS_ISW_FILE                            ; soc_system/synthesis/submodules/sequencer/tclrpt.pre.h                              ; --            ; soc_system_hps_0_hps_io_border ; --                   ;
; HPS_ISW_FILE                            ; soc_system/synthesis/submodules/hps.pre.xml                                         ; --            ; soc_system_hps_0_hps_io_border ; --                   ;
; HPS_PARTITION                           ; On                                                                                  ; --            ; soc_system_hps_0_hps_io_border ; --                   ;
; MAX_CORE_JUNCTION_TEMP                  ; 85                                                                                  ; --            ; --                             ; --                   ;
; MIN_CORE_JUNCTION_TEMP                  ; 0                                                                                   ; --            ; --                             ; --                   ;
; MISC_FILE                               ; ip/altsource_probe/hps_reset_bb.v                                                   ; --            ; --                             ; --                   ;
; MISC_FILE                               ; soc_system/synthesis/../soc_system.cmp                                              ; --            ; --                             ; --                   ;
; MISC_FILE                               ; soc_system/synthesis/../../D                                                        ; --            ; --                             ; --                   ;
; MISC_FILE                               ; soc_system/synthesis/soc_system_hps_0_hps.svd                                       ; --            ; --                             ; --                   ;
; MISC_FILE                               ; soc_system/synthesis/../../soc_system.qsys                                          ; --            ; --                             ; --                   ;
; MISC_FILE                               ; soc_system/synthesis/submodules/sequencer/alt_types.pre.h                           ; --            ; --                             ; --                   ;
; MISC_FILE                               ; soc_system/synthesis/submodules/sequencer/emif.pre.xml                              ; --            ; --                             ; --                   ;
; MISC_FILE                               ; soc_system/synthesis/submodules/sequencer/sdram_io.pre.h                            ; --            ; --                             ; --                   ;
; MISC_FILE                               ; soc_system/synthesis/submodules/sequencer/sequencer.pre.c                           ; --            ; --                             ; --                   ;
; MISC_FILE                               ; soc_system/synthesis/submodules/sequencer/sequencer.pre.h                           ; --            ; --                             ; --                   ;
; MISC_FILE                               ; soc_system/synthesis/submodules/sequencer/sequencer_auto.pre.h                      ; --            ; --                             ; --                   ;
; MISC_FILE                               ; soc_system/synthesis/submodules/sequencer/sequencer_auto_ac_init.pre.c              ; --            ; --                             ; --                   ;
; MISC_FILE                               ; soc_system/synthesis/submodules/sequencer/sequencer_auto_inst_init.pre.c            ; --            ; --                             ; --                   ;
; MISC_FILE                               ; soc_system/synthesis/submodules/sequencer/sequencer_defines.pre.h                   ; --            ; --                             ; --                   ;
; MISC_FILE                               ; soc_system/synthesis/submodules/sequencer/system.pre.h                              ; --            ; --                             ; --                   ;
; MISC_FILE                               ; soc_system/synthesis/submodules/sequencer/tclrpt.pre.c                              ; --            ; --                             ; --                   ;
; MISC_FILE                               ; soc_system/synthesis/submodules/sequencer/tclrpt.pre.h                              ; --            ; --                             ; --                   ;
; MISC_FILE                               ; soc_system/synthesis/submodules/hps.pre.xml                                         ; --            ; --                             ; --                   ;
; OPTIMIZATION_MODE                       ; Aggressive Area                                                                     ; Balanced      ; --                             ; --                   ;
; OPTIMIZATION_TECHNIQUE                  ; Area                                                                                ; Balanced      ; --                             ; --                   ;
; PARTITION_COLOR                         ; -- (Not supported for targeted family)                                              ; --            ; --                             ; Top                  ;
; PARTITION_FITTER_PRESERVATION_LEVEL     ; -- (Not supported for targeted family)                                              ; --            ; --                             ; Top                  ;
; PARTITION_NETLIST_TYPE                  ; -- (Not supported for targeted family)                                              ; --            ; --                             ; Top                  ;
; PHYSICAL_SYNTHESIS_COMBO_LOGIC_FOR_AREA ; On                                                                                  ; Off           ; --                             ; --                   ;
; POWER_BOARD_THERMAL_MODEL               ; None (CONSERVATIVE)                                                                 ; --            ; --                             ; --                   ;
; POWER_PRESET_COOLING_SOLUTION           ; 23 MM HEAT SINK WITH 200 LFPM AIRFLOW                                               ; --            ; --                             ; --                   ;
; PROJECT_OUTPUT_DIRECTORY                ; output_files                                                                        ; --            ; --                             ; --                   ;
; SEED                                    ; 12                                                                                  ; 1             ; --                             ; --                   ;
; SLD_FILE                                ; soc_system/synthesis/soc_system.regmap                                              ; --            ; --                             ; --                   ;
; SLD_FILE                                ; soc_system/synthesis/soc_system.debuginfo                                           ; --            ; --                             ; --                   ;
; SLD_FILE                                ; db/stp1_auto_stripped.stp                                                           ; --            ; --                             ; --                   ;
; SLD_INFO                                ; QSYS_NAME soc_system HAS_SOPCINFO 1 GENERATION_ID 1748542208                        ; --            ; soc_system                     ; --                   ;
; SLD_NODE_CREATOR_ID                     ; 110                                                                                 ; --            ; --                             ; auto_signaltap_0     ;
; SLD_NODE_ENTITY_NAME                    ; sld_signaltap                                                                       ; --            ; --                             ; auto_signaltap_0     ;
; SLD_NODE_PARAMETER_ASSIGNMENT           ; SLD_RAM_BLOCK_TYPE=AUTO                                                             ; --            ; --                             ; auto_signaltap_0     ;
; SLD_NODE_PARAMETER_ASSIGNMENT           ; SLD_NODE_INFO=805334528                                                             ; --            ; --                             ; auto_signaltap_0     ;
; SLD_NODE_PARAMETER_ASSIGNMENT           ; SLD_POWER_UP_TRIGGER=0                                                              ; --            ; --                             ; auto_signaltap_0     ;
; SLD_NODE_PARAMETER_ASSIGNMENT           ; SLD_STORAGE_QUALIFIER_INVERSION_MASK_LENGTH=0                                       ; --            ; --                             ; auto_signaltap_0     ;
; SLD_NODE_PARAMETER_ASSIGNMENT           ; SLD_ATTRIBUTE_MEM_MODE=OFF                                                          ; --            ; --                             ; auto_signaltap_0     ;
; SLD_NODE_PARAMETER_ASSIGNMENT           ; SLD_STATE_FLOW_USE_GENERATED=0                                                      ; --            ; --                             ; auto_signaltap_0     ;
; SLD_NODE_PARAMETER_ASSIGNMENT           ; SLD_STATE_BITS=11                                                                   ; --            ; --                             ; auto_signaltap_0     ;
; SLD_NODE_PARAMETER_ASSIGNMENT           ; SLD_BUFFER_FULL_STOP=1                                                              ; --            ; --                             ; auto_signaltap_0     ;
; SLD_NODE_PARAMETER_ASSIGNMENT           ; SLD_CURRENT_RESOURCE_WIDTH=1                                                        ; --            ; --                             ; auto_signaltap_0     ;
; SLD_NODE_PARAMETER_ASSIGNMENT           ; SLD_INCREMENTAL_ROUTING=1                                                           ; --            ; --                             ; auto_signaltap_0     ;
; SLD_NODE_PARAMETER_ASSIGNMENT           ; SLD_TRIGGER_IN_ENABLED=0                                                            ; --            ; --                             ; auto_signaltap_0     ;
; SLD_NODE_PARAMETER_ASSIGNMENT           ; SLD_TRIGGER_PIPELINE=0                                                              ; --            ; --                             ; auto_signaltap_0     ;
; SLD_NODE_PARAMETER_ASSIGNMENT           ; SLD_RAM_PIPELINE=0                                                                  ; --            ; --                             ; auto_signaltap_0     ;
; SLD_NODE_PARAMETER_ASSIGNMENT           ; SLD_COUNTER_PIPELINE=0                                                              ; --            ; --                             ; auto_signaltap_0     ;
; SLD_NODE_PARAMETER_ASSIGNMENT           ; SLD_TRIGGER_LEVEL_PIPELINE=1                                                        ; --            ; --                             ; auto_signaltap_0     ;
; SLD_NODE_PARAMETER_ASSIGNMENT           ; SLD_TRIGGER_LEVEL=1                                                                 ; --            ; --                             ; auto_signaltap_0     ;
; SLD_NODE_PARAMETER_ASSIGNMENT           ; SLD_ENABLE_ADVANCED_TRIGGER=1                                                       ; --            ; --                             ; auto_signaltap_0     ;
; SLD_NODE_PARAMETER_ASSIGNMENT           ; SLD_INVERSION_MASK=0000000000000000000000                                           ; --            ; --                             ; auto_signaltap_0     ;
; SLD_NODE_PARAMETER_ASSIGNMENT           ; SLD_INVERSION_MASK_LENGTH=22                                                        ; --            ; --                             ; auto_signaltap_0     ;
; SLD_NODE_PARAMETER_ASSIGNMENT           ; SLD_SEGMENT_SIZE=256                                                                ; --            ; --                             ; auto_signaltap_0     ;
; SLD_NODE_PARAMETER_ASSIGNMENT           ; SLD_SAMPLE_DEPTH=256                                                                ; --            ; --                             ; auto_signaltap_0     ;
; SLD_NODE_PARAMETER_ASSIGNMENT           ; SLD_DATA_BITS=515                                                                   ; --            ; --                             ; auto_signaltap_0     ;
; SLD_NODE_PARAMETER_ASSIGNMENT           ; SLD_STORAGE_QUALIFIER_BITS=515                                                      ; --            ; --                             ; auto_signaltap_0     ;
; SLD_NODE_PARAMETER_ASSIGNMENT           ; SLD_TRIGGER_BITS=188                                                                ; --            ; --                             ; auto_signaltap_0     ;
; SLD_NODE_PARAMETER_ASSIGNMENT           ; SLD_ADVANCED_TRIGGER_ENTITY=sld_reserved_DE10_Standard_GHRD_auto_signaltap_0_1_895, ; --            ; --                             ; auto_signaltap_0     ;
; SOPCINFO_FILE                           ; soc_system/synthesis/../../soc_system.sopcinfo                                      ; --            ; --                             ; --                   ;
; SYNTHESIS_ONLY_QIP                      ; On                                                                                  ; --            ; --                             ; --                   ;
; USE_DLL_FREQUENCY_FOR_DQS_DELAY_CHAIN   ; On                                                                                  ; Off           ; --                             ; --                   ;
; USE_SIGNALTAP_FILE                      ; output_files/stp1.stp                                                               ; --            ; --                             ; --                   ;
+-----------------------------------------+-------------------------------------------------------------------------------------+---------------+--------------------------------+----------------------+


+------------------------------------------------------------------------------------------------------------------------------------------+
; Flow Elapsed Time                                                                                                                        ;
+--------------------------------------+--------------+-------------------------+---------------------+------------------------------------+
; Module Name                          ; Elapsed Time ; Average Processors Used ; Peak Virtual Memory ; Total CPU Time (on all processors) ;
+--------------------------------------+--------------+-------------------------+---------------------+------------------------------------+
; Analysis & Synthesis                 ; 00:03:29     ; 1.5                     ; 6315 MB             ; 00:04:51                           ;
; Fitter                               ; 00:21:49     ; 1.5                     ; 10462 MB            ; 01:46:54                           ;
; Assembler                            ; 00:00:29     ; 1.0                     ; 5747 MB             ; 00:00:26                           ;
; Timing Analyzer                      ; 00:02:00     ; 2.9                     ; 7166 MB             ; 00:04:59                           ;
; Power Analyzer                       ; 00:00:55     ; 3.0                     ; 6799 MB             ; 00:02:14                           ;
; Early Power Estimator File Generator ; 00:00:27     ; 1.2                     ; 6562 MB             ; 00:00:28                           ;
; Power Analyzer                       ; 00:00:49     ; 3.3                     ; 6782 MB             ; 00:02:06                           ;
; Power Analyzer                       ; 00:00:46     ; 3.0                     ; 6799 MB             ; 00:01:53                           ;
; Power Analyzer                       ; 00:00:49     ; 3.2                     ; 6783 MB             ; 00:02:07                           ;
; Power Analyzer                       ; 00:00:48     ; 3.3                     ; 6799 MB             ; 00:02:07                           ;
; Total                                ; 00:32:21     ; --                      ; --                  ; 02:08:05                           ;
+--------------------------------------+--------------+-------------------------+---------------------+------------------------------------+


+----------------------------------------------------------------------------------------------------+
; Flow OS Summary                                                                                    ;
+--------------------------------------+------------------+------------+------------+----------------+
; Module Name                          ; Machine Hostname ; OS Name    ; OS Version ; Processor type ;
+--------------------------------------+------------------+------------+------------+----------------+
; Analysis & Synthesis                 ; Megumin          ; Windows 10 ; 10.0       ; x86_64         ;
; Fitter                               ; Megumin          ; Windows 10 ; 10.0       ; x86_64         ;
; Assembler                            ; Megumin          ; Windows 10 ; 10.0       ; x86_64         ;
; Timing Analyzer                      ; Megumin          ; Windows 10 ; 10.0       ; x86_64         ;
; Power Analyzer                       ; Megumin          ; Windows 10 ; 10.0       ; x86_64         ;
; Early Power Estimator File Generator ; Megumin          ; Windows 10 ; 10.0       ; x86_64         ;
; Power Analyzer                       ; Megumin          ; Windows 10 ; 10.0       ; x86_64         ;
; Power Analyzer                       ; Megumin          ; Windows 10 ; 10.0       ; x86_64         ;
; Power Analyzer                       ; Megumin          ; Windows 10 ; 10.0       ; x86_64         ;
; Power Analyzer                       ; Megumin          ; Windows 10 ; 10.0       ; x86_64         ;
+--------------------------------------+------------------+------------+------------+----------------+


------------
; Flow Log ;
------------
quartus_map --read_settings_files=on --write_settings_files=off DE10_Standard_GHRD -c DE10_Standard_GHRD
quartus_fit --read_settings_files=off --write_settings_files=off DE10_Standard_GHRD -c DE10_Standard_GHRD
quartus_asm --read_settings_files=off --write_settings_files=off DE10_Standard_GHRD -c DE10_Standard_GHRD
quartus_sta DE10_Standard_GHRD -c DE10_Standard_GHRD
quartus_eda --read_settings_files=off --write_settings_files=off DE10_Standard_GHRD -c DE10_Standard_GHRD
quartus_pow --read_settings_files=on --write_settings_files=off DE10_Standard_GHRD -c DE10_Standard_GHRD
quartus_pow --read_settings_files=on --write_settings_files=off DE10_Standard_GHRD -c DE10_Standard_GHRD --estimate_power=off --output_epe=DE10_Standard_GHRD_early_pwr.csv
quartus_pow --read_settings_files=on --write_settings_files=off DE10_Standard_GHRD -c DE10_Standard_GHRD
quartus_pow --read_settings_files=on --write_settings_files=off DE10_Standard_GHRD -c DE10_Standard_GHRD
quartus_pow --read_settings_files=on --write_settings_files=off DE10_Standard_GHRD -c DE10_Standard_GHRD
quartus_pow --read_settings_files=on --write_settings_files=off DE10_Standard_GHRD -c DE10_Standard_GHRD



